[   10073ms] [ERROR] WebSocket connection to 'ws://localhost:8000/ws/__host__' failed:  @ http://host:hostvibe!@localhost:8000/static/host.js:98
[   13077ms] [ERROR] WebSocket connection to 'ws://localhost:8000/ws/__host__' failed: Error in connection establishment: net::ERR_CONNECTION_REFUSED @ http://host:hostvibe!@localhost:8000/static/host.js:98
[   16080ms] [ERROR] WebSocket connection to 'ws://localhost:8000/ws/__host__' failed: Error in connection establishment: net::ERR_CONNECTION_REFUSED @ http://host:hostvibe!@localhost:8000/static/host.js:98
[   19081ms] [ERROR] WebSocket connection to 'ws://localhost:8000/ws/__host__' failed: Error in connection establishment: net::ERR_CONNECTION_REFUSED @ http://host:hostvibe!@localhost:8000/static/host.js:98
[   22084ms] [ERROR] WebSocket connection to 'ws://localhost:8000/ws/__host__' failed: Error in connection establishment: net::ERR_CONNECTION_REFUSED @ http://host:hostvibe!@localhost:8000/static/host.js:98
[   25087ms] [ERROR] WebSocket connection to 'ws://localhost:8000/ws/__host__' failed: Error in connection establishment: net::ERR_CONNECTION_REFUSED @ http://host:hostvibe!@localhost:8000/static/host.js:98
[   28091ms] [ERROR] WebSocket connection to 'ws://localhost:8000/ws/__host__' failed: Error in connection establishment: net::ERR_CONNECTION_REFUSED @ http://host:hostvibe!@localhost:8000/static/host.js:98
[   31096ms] [ERROR] WebSocket connection to 'ws://localhost:8000/ws/__host__' failed: Error in connection establishment: net::ERR_CONNECTION_REFUSED @ http://host:hostvibe!@localhost:8000/static/host.js:98
[   34122ms] [ERROR] WebSocket connection to 'ws://localhost:8000/ws/__host__' failed: Error in connection establishment: net::ERR_CONNECTION_REFUSED @ http://host:hostvibe!@localhost:8000/static/host.js:98
[   37137ms] [ERROR] WebSocket connection to 'ws://localhost:8000/ws/__host__' failed: Error in connection establishment: net::ERR_CONNECTION_REFUSED @ http://host:hostvibe!@localhost:8000/static/host.js:98
[   40188ms] [ERROR] WebSocket connection to 'ws://localhost:8000/ws/__host__' failed: Error in connection establishment: net::ERR_CONNECTION_REFUSED @ http://host:hostvibe!@localhost:8000/static/host.js:98
[   41276ms] TypeError: Failed to execute 'fetch' on 'Window': Request cannot be constructed from a URL that includes credentials: /api/poll/timer
    at startTimer (http://host:hostvibe!@localhost:8000/static/host.js:467:23)
    at HTMLInputElement.onmouseup (http://host:hostvibe!@localhost:8000/host:1:1)
[   43342ms] [ERROR] WebSocket connection to 'ws://localhost:8000/ws/__host__' failed: Error in connection establishment: net::ERR_CONNECTION_REFUSED @ http://host:hostvibe!@localhost:8000/static/host.js:98
[   45997ms] TypeError: Failed to execute 'fetch' on 'Window': Request cannot be constructed from a URL that includes credentials: /api/poll/timer
    at startTimer (http://host:hostvibe!@localhost:8000/static/host.js:467:23)
    at HTMLInputElement.onmouseup (http://host:hostvibe!@localhost:8000/host:1:1)
[   46450ms] [ERROR] WebSocket connection to 'ws://localhost:8000/ws/__host__' failed: Error in connection establishment: net::ERR_CONNECTION_REFUSED @ http://host:hostvibe!@localhost:8000/static/host.js:98
[   49751ms] [ERROR] WebSocket connection to 'ws://localhost:8000/ws/__host__' failed: Error in connection establishment: net::ERR_CONNECTION_REFUSED @ http://host:hostvibe!@localhost:8000/static/host.js:98
[   53781ms] [ERROR] WebSocket connection to 'ws://localhost:8000/ws/__host__' failed: Error in connection establishment: net::ERR_CONNECTION_REFUSED @ http://host:hostvibe!@localhost:8000/static/host.js:98
[   58803ms] [ERROR] WebSocket connection to 'ws://localhost:8000/ws/__host__' failed: Error in connection establishment: net::ERR_CONNECTION_REFUSED @ http://host:hostvibe!@localhost:8000/static/host.js:98
[   66258ms] [ERROR] WebSocket connection to 'ws://localhost:8000/ws/__host__' failed: Error in connection establishment: net::ERR_CONNECTION_REFUSED @ http://host:hostvibe!@localhost:8000/static/host.js:98
[   71270ms] [ERROR] WebSocket connection to 'ws://localhost:8000/ws/__host__' failed: Error in connection establishment: net::ERR_CONNECTION_REFUSED @ http://host:hostvibe!@localhost:8000/static/host.js:98
[   77368ms] [ERROR] WebSocket connection to 'ws://localhost:8000/ws/__host__' failed: Error in connection establishment: net::ERR_CONNECTION_REFUSED @ http://host:hostvibe!@localhost:8000/static/host.js:98
[   82003ms] [ERROR] WebSocket connection to 'ws://localhost:8000/ws/__host__' failed: Error in connection establishment: net::ERR_CONNECTION_REFUSED @ http://host:hostvibe!@localhost:8000/static/host.js:98
[   89543ms] [ERROR] WebSocket connection to 'ws://localhost:8000/ws/__host__' failed: Error in connection establishment: net::ERR_CONNECTION_REFUSED @ http://host:hostvibe!@localhost:8000/static/host.js:98
[   93570ms] [ERROR] WebSocket connection to 'ws://localhost:8000/ws/__host__' failed: Error in connection establishment: net::ERR_CONNECTION_REFUSED @ http://host:hostvibe!@localhost:8000/static/host.js:98
[  100663ms] [ERROR] WebSocket connection to 'ws://localhost:8000/ws/__host__' failed: Error in connection establishment: net::ERR_CONNECTION_REFUSED @ http://host:hostvibe!@localhost:8000/static/host.js:98
[  106895ms] [ERROR] WebSocket connection to 'ws://localhost:8000/ws/__host__' failed: Error in connection establishment: net::ERR_CONNECTION_REFUSED @ http://host:hostvibe!@localhost:8000/static/host.js:98
[  112888ms] [ERROR] WebSocket connection to 'ws://localhost:8000/ws/__host__' failed: Error in connection establishment: net::ERR_CONNECTION_REFUSED @ http://host:hostvibe!@localhost:8000/static/host.js:98
[  120574ms] [ERROR] WebSocket connection to 'ws://localhost:8000/ws/__host__' failed: Error in connection establishment: net::ERR_CONNECTION_REFUSED @ http://host:hostvibe!@localhost:8000/static/host.js:98
[  125110ms] [ERROR] WebSocket connection to 'ws://localhost:8000/ws/__host__' failed: Error in connection establishment: net::ERR_CONNECTION_REFUSED @ http://host:hostvibe!@localhost:8000/static/host.js:98
[  133104ms] [ERROR] WebSocket connection to 'ws://localhost:8000/ws/__host__' failed: Error in connection establishment: net::ERR_CONNECTION_REFUSED @ http://host:hostvibe!@localhost:8000/static/host.js:98
[  137419ms] [ERROR] WebSocket connection to 'ws://localhost:8000/ws/__host__' failed: Error in connection establishment: net::ERR_CONNECTION_REFUSED @ http://host:hostvibe!@localhost:8000/static/host.js:98
[  141791ms] [ERROR] WebSocket connection to 'ws://localhost:8000/ws/__host__' failed: Error in connection establishment: net::ERR_CONNECTION_REFUSED @ http://host:hostvibe!@localhost:8000/static/host.js:98
[  148666ms] [ERROR] WebSocket connection to 'ws://localhost:8000/ws/__host__' failed: Error in connection establishment: net::ERR_CONNECTION_REFUSED @ http://host:hostvibe!@localhost:8000/static/host.js:98
[  155812ms] [ERROR] WebSocket connection to 'ws://localhost:8000/ws/__host__' failed: Error in connection establishment: net::ERR_CONNECTION_REFUSED @ http://host:hostvibe!@localhost:8000/static/host.js:98
[  163234ms] [ERROR] WebSocket connection to 'ws://localhost:8000/ws/__host__' failed: Error in connection establishment: net::ERR_CONNECTION_REFUSED @ http://host:hostvibe!@localhost:8000/static/host.js:98
[  167688ms] [ERROR] WebSocket connection to 'ws://localhost:8000/ws/__host__' failed: Error in connection establishment: net::ERR_CONNECTION_REFUSED @ http://host:hostvibe!@localhost:8000/static/host.js:98
[  175640ms] [ERROR] WebSocket connection to 'ws://localhost:8000/ws/__host__' failed: Error in connection establishment: net::ERR_CONNECTION_REFUSED @ http://host:hostvibe!@localhost:8000/static/host.js:98
[  181742ms] [ERROR] WebSocket connection to 'ws://localhost:8000/ws/__host__' failed: Error in connection establishment: net::ERR_CONNECTION_REFUSED @ http://host:hostvibe!@localhost:8000/static/host.js:98
[  189589ms] [ERROR] WebSocket connection to 'ws://localhost:8000/ws/__host__' failed: Error in connection establishment: net::ERR_CONNECTION_REFUSED @ http://host:hostvibe!@localhost:8000/static/host.js:98
[  195978ms] [ERROR] WebSocket connection to 'ws://localhost:8000/ws/__host__' failed: Error in connection establishment: net::ERR_CONNECTION_REFUSED @ http://host:hostvibe!@localhost:8000/static/host.js:98
[  200422ms] [ERROR] WebSocket connection to 'ws://localhost:8000/ws/__host__' failed: Error in connection establishment: net::ERR_CONNECTION_REFUSED @ http://host:hostvibe!@localhost:8000/static/host.js:98
[  206676ms] [ERROR] WebSocket connection to 'ws://localhost:8000/ws/__host__' failed: Error in connection establishment: net::ERR_CONNECTION_REFUSED @ http://host:hostvibe!@localhost:8000/static/host.js:98
[  211439ms] [ERROR] WebSocket connection to 'ws://localhost:8000/ws/__host__' failed: Error in connection establishment: net::ERR_CONNECTION_REFUSED @ http://host:hostvibe!@localhost:8000/static/host.js:98
[  216078ms] [ERROR] WebSocket connection to 'ws://localhost:8000/ws/__host__' failed: Error in connection establishment: net::ERR_CONNECTION_REFUSED @ http://host:hostvibe!@localhost:8000/static/host.js:98
[  222801ms] [ERROR] WebSocket connection to 'ws://localhost:8000/ws/__host__' failed: Error in connection establishment: net::ERR_CONNECTION_REFUSED @ http://host:hostvibe!@localhost:8000/static/host.js:98
[  228096ms] [ERROR] WebSocket connection to 'ws://localhost:8000/ws/__host__' failed: Error in connection establishment: net::ERR_CONNECTION_REFUSED @ http://host:hostvibe!@localhost:8000/static/host.js:98
[  233031ms] [ERROR] WebSocket connection to 'ws://localhost:8000/ws/__host__' failed: Error in connection establishment: net::ERR_CONNECTION_REFUSED @ http://host:hostvibe!@localhost:8000/static/host.js:98
[  239473ms] [ERROR] WebSocket connection to 'ws://localhost:8000/ws/__host__' failed: Error in connection establishment: net::ERR_CONNECTION_REFUSED @ http://host:hostvibe!@localhost:8000/static/host.js:98
[  244741ms] [ERROR] WebSocket connection to 'ws://localhost:8000/ws/__host__' failed: Error in connection establishment: net::ERR_CONNECTION_REFUSED @ http://host:hostvibe!@localhost:8000/static/host.js:98
[  249517ms] [ERROR] WebSocket connection to 'ws://localhost:8000/ws/__host__' failed: Error in connection establishment: net::ERR_CONNECTION_REFUSED @ http://host:hostvibe!@localhost:8000/static/host.js:98
[  257453ms] [ERROR] WebSocket connection to 'ws://localhost:8000/ws/__host__' failed: Error in connection establishment: net::ERR_CONNECTION_REFUSED @ http://host:hostvibe!@localhost:8000/static/host.js:98
[  265122ms] [ERROR] WebSocket connection to 'ws://localhost:8000/ws/__host__' failed: Error in connection establishment: net::ERR_CONNECTION_REFUSED @ http://host:hostvibe!@localhost:8000/static/host.js:98
[  269734ms] [ERROR] WebSocket connection to 'ws://localhost:8000/ws/__host__' failed: Error in connection establishment: net::ERR_CONNECTION_REFUSED @ http://host:hostvibe!@localhost:8000/static/host.js:98
[  277492ms] [ERROR] WebSocket connection to 'ws://localhost:8000/ws/__host__' failed: Error in connection establishment: net::ERR_CONNECTION_REFUSED @ http://host:hostvibe!@localhost:8000/static/host.js:98
[  284228ms] [ERROR] WebSocket connection to 'ws://localhost:8000/ws/__host__' failed: Error in connection establishment: net::ERR_CONNECTION_REFUSED @ http://host:hostvibe!@localhost:8000/static/host.js:98
[  290498ms] [ERROR] WebSocket connection to 'ws://localhost:8000/ws/__host__' failed: Error in connection establishment: net::ERR_CONNECTION_REFUSED @ http://host:hostvibe!@localhost:8000/static/host.js:98
[  295971ms] [ERROR] WebSocket connection to 'ws://localhost:8000/ws/__host__' failed: Error in connection establishment: net::ERR_CONNECTION_REFUSED @ http://host:hostvibe!@localhost:8000/static/host.js:98
[  302962ms] [ERROR] WebSocket connection to 'ws://localhost:8000/ws/__host__' failed: Error in connection establishment: net::ERR_CONNECTION_REFUSED @ http://host:hostvibe!@localhost:8000/static/host.js:98
[  310269ms] [ERROR] WebSocket connection to 'ws://localhost:8000/ws/__host__' failed: Error in connection establishment: net::ERR_CONNECTION_REFUSED @ http://host:hostvibe!@localhost:8000/static/host.js:98
[  315020ms] [ERROR] WebSocket connection to 'ws://localhost:8000/ws/__host__' failed: Error in connection establishment: net::ERR_CONNECTION_REFUSED @ http://host:hostvibe!@localhost:8000/static/host.js:98
[  322393ms] [ERROR] WebSocket connection to 'ws://localhost:8000/ws/__host__' failed: Error in connection establishment: net::ERR_CONNECTION_REFUSED @ http://host:hostvibe!@localhost:8000/static/host.js:98
[  328207ms] [ERROR] WebSocket connection to 'ws://localhost:8000/ws/__host__' failed: Error in connection establishment: net::ERR_CONNECTION_REFUSED @ http://host:hostvibe!@localhost:8000/static/host.js:98
[  332966ms] [ERROR] WebSocket connection to 'ws://localhost:8000/ws/__host__' failed: Error in connection establishment: net::ERR_CONNECTION_REFUSED @ http://host:hostvibe!@localhost:8000/static/host.js:98
[  337895ms] [ERROR] WebSocket connection to 'ws://localhost:8000/ws/__host__' failed: Error in connection establishment: net::ERR_CONNECTION_REFUSED @ http://host:hostvibe!@localhost:8000/static/host.js:98
[  343086ms] [ERROR] WebSocket connection to 'ws://localhost:8000/ws/__host__' failed: Error in connection establishment: net::ERR_CONNECTION_REFUSED @ http://host:hostvibe!@localhost:8000/static/host.js:98
[  348012ms] [ERROR] WebSocket connection to 'ws://localhost:8000/ws/__host__' failed: Error in connection establishment: net::ERR_CONNECTION_REFUSED @ http://host:hostvibe!@localhost:8000/static/host.js:98
[  352951ms] [ERROR] WebSocket connection to 'ws://localhost:8000/ws/__host__' failed: Error in connection establishment: net::ERR_CONNECTION_REFUSED @ http://host:hostvibe!@localhost:8000/static/host.js:98
[  360472ms] [ERROR] WebSocket connection to 'ws://localhost:8000/ws/__host__' failed: Error in connection establishment: net::ERR_CONNECTION_REFUSED @ http://host:hostvibe!@localhost:8000/static/host.js:98
[  366478ms] [ERROR] WebSocket connection to 'ws://localhost:8000/ws/__host__' failed: Error in connection establishment: net::ERR_CONNECTION_REFUSED @ http://host:hostvibe!@localhost:8000/static/host.js:98
[  372854ms] [ERROR] WebSocket connection to 'ws://localhost:8000/ws/__host__' failed: Error in connection establishment: net::ERR_CONNECTION_REFUSED @ http://host:hostvibe!@localhost:8000/static/host.js:98
[  375856ms] [ERROR] WebSocket connection to 'ws://localhost:8000/ws/__host__' failed: Error in connection establishment: net::ERR_CONNECTION_REFUSED @ http://host:hostvibe!@localhost:8000/static/host.js:98
[  378858ms] [ERROR] WebSocket connection to 'ws://localhost:8000/ws/__host__' failed: Error in connection establishment: net::ERR_CONNECTION_REFUSED @ http://host:hostvibe!@localhost:8000/static/host.js:98
[  381860ms] [ERROR] WebSocket connection to 'ws://localhost:8000/ws/__host__' failed: Error in connection establishment: net::ERR_CONNECTION_REFUSED @ http://host:hostvibe!@localhost:8000/static/host.js:98
[  384865ms] [ERROR] WebSocket connection to 'ws://localhost:8000/ws/__host__' failed: Error in connection establishment: net::ERR_CONNECTION_REFUSED @ http://host:hostvibe!@localhost:8000/static/host.js:98
[  387868ms] [ERROR] WebSocket connection to 'ws://localhost:8000/ws/__host__' failed: Error in connection establishment: net::ERR_CONNECTION_REFUSED @ http://host:hostvibe!@localhost:8000/static/host.js:98
[  390875ms] [ERROR] WebSocket connection to 'ws://localhost:8000/ws/__host__' failed: Error in connection establishment: net::ERR_CONNECTION_REFUSED @ http://host:hostvibe!@localhost:8000/static/host.js:98
[  393886ms] [ERROR] WebSocket connection to 'ws://localhost:8000/ws/__host__' failed: Error in connection establishment: net::ERR_CONNECTION_REFUSED @ http://host:hostvibe!@localhost:8000/static/host.js:98
[  396896ms] [ERROR] WebSocket connection to 'ws://localhost:8000/ws/__host__' failed: Error in connection establishment: net::ERR_CONNECTION_REFUSED @ http://host:hostvibe!@localhost:8000/static/host.js:98
[  399918ms] [ERROR] WebSocket connection to 'ws://localhost:8000/ws/__host__' failed: Error in connection establishment: net::ERR_CONNECTION_REFUSED @ http://host:hostvibe!@localhost:8000/static/host.js:98
[  402963ms] [ERROR] WebSocket connection to 'ws://localhost:8000/ws/__host__' failed: Error in connection establishment: net::ERR_CONNECTION_REFUSED @ http://host:hostvibe!@localhost:8000/static/host.js:98
[  406008ms] [ERROR] WebSocket connection to 'ws://localhost:8000/ws/__host__' failed: Error in connection establishment: net::ERR_CONNECTION_REFUSED @ http://host:hostvibe!@localhost:8000/static/host.js:98
[  409134ms] [ERROR] WebSocket connection to 'ws://localhost:8000/ws/__host__' failed: Error in connection establishment: net::ERR_CONNECTION_REFUSED @ http://host:hostvibe!@localhost:8000/static/host.js:98
[  412728ms] [ERROR] WebSocket connection to 'ws://localhost:8000/ws/__host__' failed: Error in connection establishment: net::ERR_CONNECTION_REFUSED @ http://host:hostvibe!@localhost:8000/static/host.js:98
[  416869ms] [ERROR] WebSocket connection to 'ws://localhost:8000/ws/__host__' failed: Error in connection establishment: net::ERR_CONNECTION_REFUSED @ http://host:hostvibe!@localhost:8000/static/host.js:98
[  421532ms] [ERROR] WebSocket connection to 'ws://localhost:8000/ws/__host__' failed: Error in connection establishment: net::ERR_CONNECTION_REFUSED @ http://host:hostvibe!@localhost:8000/static/host.js:98
[  428874ms] [ERROR] WebSocket connection to 'ws://localhost:8000/ws/__host__' failed: Error in connection establishment: net::ERR_CONNECTION_REFUSED @ http://host:hostvibe!@localhost:8000/static/host.js:98
[  435533ms] [ERROR] WebSocket connection to 'ws://localhost:8000/ws/__host__' failed: Error in connection establishment: net::ERR_CONNECTION_REFUSED @ http://host:hostvibe!@localhost:8000/static/host.js:98
[  441243ms] [ERROR] WebSocket connection to 'ws://localhost:8000/ws/__host__' failed: Error in connection establishment: net::ERR_CONNECTION_REFUSED @ http://host:hostvibe!@localhost:8000/static/host.js:98
[  448762ms] [ERROR] WebSocket connection to 'ws://localhost:8000/ws/__host__' failed: Error in connection establishment: net::ERR_CONNECTION_REFUSED @ http://host:hostvibe!@localhost:8000/static/host.js:98
[  454688ms] [ERROR] WebSocket connection to 'ws://localhost:8000/ws/__host__' failed: Error in connection establishment: net::ERR_CONNECTION_REFUSED @ http://host:hostvibe!@localhost:8000/static/host.js:98
[  459712ms] [ERROR] WebSocket connection to 'ws://localhost:8000/ws/__host__' failed: Error in connection establishment: net::ERR_CONNECTION_REFUSED @ http://host:hostvibe!@localhost:8000/static/host.js:98
[  466205ms] [ERROR] WebSocket connection to 'ws://localhost:8000/ws/__host__' failed: Error in connection establishment: net::ERR_CONNECTION_REFUSED @ http://host:hostvibe!@localhost:8000/static/host.js:98
[  471869ms] [ERROR] WebSocket connection to 'ws://localhost:8000/ws/__host__' failed: Error in connection establishment: net::ERR_CONNECTION_REFUSED @ http://host:hostvibe!@localhost:8000/static/host.js:98
[  476119ms] [ERROR] WebSocket connection to 'ws://localhost:8000/ws/__host__' failed: Error in connection establishment: net::ERR_CONNECTION_REFUSED @ http://host:hostvibe!@localhost:8000/static/host.js:98
[  481783ms] [ERROR] WebSocket connection to 'ws://localhost:8000/ws/__host__' failed: Error in connection establishment: net::ERR_CONNECTION_REFUSED @ http://host:hostvibe!@localhost:8000/static/host.js:98
[  488853ms] [ERROR] WebSocket connection to 'ws://localhost:8000/ws/__host__' failed: Error in connection establishment: net::ERR_CONNECTION_REFUSED @ http://host:hostvibe!@localhost:8000/static/host.js:98
[  496346ms] [ERROR] WebSocket connection to 'ws://localhost:8000/ws/__host__' failed: Error in connection establishment: net::ERR_CONNECTION_REFUSED @ http://host:hostvibe!@localhost:8000/static/host.js:98
[  502010ms] [ERROR] WebSocket connection to 'ws://localhost:8000/ws/__host__' failed: Error in connection establishment: net::ERR_CONNECTION_REFUSED @ http://host:hostvibe!@localhost:8000/static/host.js:98
[  507719ms] [ERROR] WebSocket connection to 'ws://localhost:8000/ws/__host__' failed: Error in connection establishment: net::ERR_CONNECTION_REFUSED @ http://host:hostvibe!@localhost:8000/static/host.js:98
[  511897ms] [ERROR] WebSocket connection to 'ws://localhost:8000/ws/__host__' failed: Error in connection establishment: net::ERR_CONNECTION_REFUSED @ http://host:hostvibe!@localhost:8000/static/host.js:98
[  516150ms] [ERROR] WebSocket connection to 'ws://localhost:8000/ws/__host__' failed: Error in connection establishment: net::ERR_CONNECTION_REFUSED @ http://host:hostvibe!@localhost:8000/static/host.js:98
[  524118ms] [ERROR] WebSocket connection to 'ws://localhost:8000/ws/__host__' failed: Error in connection establishment: net::ERR_CONNECTION_REFUSED @ http://host:hostvibe!@localhost:8000/static/host.js:98
[  531016ms] [ERROR] WebSocket connection to 'ws://localhost:8000/ws/__host__' failed: Error in connection establishment: net::ERR_CONNECTION_REFUSED @ http://host:hostvibe!@localhost:8000/static/host.js:98
[  536407ms] [ERROR] WebSocket connection to 'ws://localhost:8000/ws/__host__' failed: Error in connection establishment: net::ERR_CONNECTION_REFUSED @ http://host:hostvibe!@localhost:8000/static/host.js:98
[  541271ms] [ERROR] WebSocket connection to 'ws://localhost:8000/ws/__host__' failed: Error in connection establishment: net::ERR_CONNECTION_REFUSED @ http://host:hostvibe!@localhost:8000/static/host.js:98
[  548820ms] [ERROR] WebSocket connection to 'ws://localhost:8000/ws/__host__' failed: Error in connection establishment: net::ERR_CONNECTION_REFUSED @ http://host:hostvibe!@localhost:8000/static/host.js:98
[  555271ms] [ERROR] WebSocket connection to 'ws://localhost:8000/ws/__host__' failed: Error in connection establishment: net::ERR_CONNECTION_REFUSED @ http://host:hostvibe!@localhost:8000/static/host.js:98
[  561485ms] [ERROR] WebSocket connection to 'ws://localhost:8000/ws/__host__' failed: Error in connection establishment: net::ERR_CONNECTION_REFUSED @ http://host:hostvibe!@localhost:8000/static/host.js:98
[  567908ms] [ERROR] WebSocket connection to 'ws://localhost:8000/ws/__host__' failed: Error in connection establishment: net::ERR_CONNECTION_REFUSED @ http://host:hostvibe!@localhost:8000/static/host.js:98
[  574768ms] [ERROR] WebSocket connection to 'ws://localhost:8000/ws/__host__' failed: Error in connection establishment: net::ERR_CONNECTION_REFUSED @ http://host:hostvibe!@localhost:8000/static/host.js:98
[  581085ms] [ERROR] WebSocket connection to 'ws://localhost:8000/ws/__host__' failed: Error in connection establishment: net::ERR_CONNECTION_REFUSED @ http://host:hostvibe!@localhost:8000/static/host.js:98
[  588576ms] [ERROR] WebSocket connection to 'ws://localhost:8000/ws/__host__' failed: Error in connection establishment: net::ERR_CONNECTION_REFUSED @ http://host:hostvibe!@localhost:8000/static/host.js:98
[  593070ms] [ERROR] WebSocket connection to 'ws://localhost:8000/ws/__host__' failed: Error in connection establishment: net::ERR_CONNECTION_REFUSED @ http://host:hostvibe!@localhost:8000/static/host.js:98
[  597334ms] [ERROR] WebSocket connection to 'ws://localhost:8000/ws/__host__' failed: Error in connection establishment: net::ERR_CONNECTION_REFUSED @ http://host:hostvibe!@localhost:8000/static/host.js:98
[  604100ms] [ERROR] WebSocket connection to 'ws://localhost:8000/ws/__host__' failed: Error in connection establishment: net::ERR_CONNECTION_REFUSED @ http://host:hostvibe!@localhost:8000/static/host.js:98
[  609188ms] [ERROR] WebSocket connection to 'ws://localhost:8000/ws/__host__' failed: Error in connection establishment: net::ERR_CONNECTION_REFUSED @ http://host:hostvibe!@localhost:8000/static/host.js:98
[  614646ms] [ERROR] WebSocket connection to 'ws://localhost:8000/ws/__host__' failed: Error in connection establishment: net::ERR_CONNECTION_REFUSED @ http://host:hostvibe!@localhost:8000/static/host.js:98
[  617648ms] [ERROR] WebSocket connection to 'ws://localhost:8000/ws/__host__' failed: Error in connection establishment: net::ERR_CONNECTION_REFUSED @ http://host:hostvibe!@localhost:8000/static/host.js:98
[  620649ms] [ERROR] WebSocket connection to 'ws://localhost:8000/ws/__host__' failed: Error in connection establishment: net::ERR_CONNECTION_REFUSED @ http://host:hostvibe!@localhost:8000/static/host.js:98
[  623651ms] [ERROR] WebSocket connection to 'ws://localhost:8000/ws/__host__' failed: Error in connection establishment: net::ERR_CONNECTION_REFUSED @ http://host:hostvibe!@localhost:8000/static/host.js:98
[  626653ms] [ERROR] WebSocket connection to 'ws://localhost:8000/ws/__host__' failed: Error in connection establishment: net::ERR_CONNECTION_REFUSED @ http://host:hostvibe!@localhost:8000/static/host.js:98
[  629656ms] [ERROR] WebSocket connection to 'ws://localhost:8000/ws/__host__' failed: Error in connection establishment: net::ERR_CONNECTION_REFUSED @ http://host:hostvibe!@localhost:8000/static/host.js:98
[  632662ms] [ERROR] WebSocket connection to 'ws://localhost:8000/ws/__host__' failed: Error in connection establishment: net::ERR_CONNECTION_REFUSED @ http://host:hostvibe!@localhost:8000/static/host.js:98
[  635675ms] [ERROR] WebSocket connection to 'ws://localhost:8000/ws/__host__' failed: Error in connection establishment: net::ERR_CONNECTION_REFUSED @ http://host:hostvibe!@localhost:8000/static/host.js:98
[  638693ms] [ERROR] WebSocket connection to 'ws://localhost:8000/ws/__host__' failed: Error in connection establishment: net::ERR_CONNECTION_REFUSED @ http://host:hostvibe!@localhost:8000/static/host.js:98
[  641715ms] [ERROR] WebSocket connection to 'ws://localhost:8000/ws/__host__' failed: Error in connection establishment: net::ERR_CONNECTION_REFUSED @ http://host:hostvibe!@localhost:8000/static/host.js:98
[  644760ms] [ERROR] WebSocket connection to 'ws://localhost:8000/ws/__host__' failed: Error in connection establishment: net::ERR_CONNECTION_REFUSED @ http://host:hostvibe!@localhost:8000/static/host.js:98
[  647803ms] [ERROR] WebSocket connection to 'ws://localhost:8000/ws/__host__' failed: Error in connection establishment: net::ERR_CONNECTION_REFUSED @ http://host:hostvibe!@localhost:8000/static/host.js:98
[  651092ms] [ERROR] WebSocket connection to 'ws://localhost:8000/ws/__host__' failed: Error in connection establishment: net::ERR_CONNECTION_REFUSED @ http://host:hostvibe!@localhost:8000/static/host.js:98
[  654712ms] [ERROR] WebSocket connection to 'ws://localhost:8000/ws/__host__' failed: Error in connection establishment: net::ERR_CONNECTION_REFUSED @ http://host:hostvibe!@localhost:8000/static/host.js:98
[  658718ms] [ERROR] WebSocket connection to 'ws://localhost:8000/ws/__host__' failed: Error in connection establishment: net::ERR_CONNECTION_REFUSED @ http://host:hostvibe!@localhost:8000/static/host.js:98
[  662843ms] [ERROR] WebSocket connection to 'ws://localhost:8000/ws/__host__' failed: Error in connection establishment: net::ERR_CONNECTION_REFUSED @ http://host:hostvibe!@localhost:8000/static/host.js:98
[  668080ms] [ERROR] WebSocket connection to 'ws://localhost:8000/ws/__host__' failed: Error in connection establishment: net::ERR_CONNECTION_REFUSED @ http://host:hostvibe!@localhost:8000/static/host.js:98
[  673448ms] [ERROR] WebSocket connection to 'ws://localhost:8000/ws/__host__' failed: Error in connection establishment: net::ERR_CONNECTION_REFUSED @ http://host:hostvibe!@localhost:8000/static/host.js:98
[  678805ms] [ERROR] WebSocket connection to 'ws://localhost:8000/ws/__host__' failed: Error in connection establishment: net::ERR_CONNECTION_REFUSED @ http://host:hostvibe!@localhost:8000/static/host.js:98
[  686661ms] [ERROR] WebSocket connection to 'ws://localhost:8000/ws/__host__' failed: Error in connection establishment: net::ERR_CONNECTION_REFUSED @ http://host:hostvibe!@localhost:8000/static/host.js:98
[  693811ms] [ERROR] WebSocket connection to 'ws://localhost:8000/ws/__host__' failed: Error in connection establishment: net::ERR_CONNECTION_REFUSED @ http://host:hostvibe!@localhost:8000/static/host.js:98
[  699352ms] [ERROR] WebSocket connection to 'ws://localhost:8000/ws/__host__' failed: Error in connection establishment: net::ERR_CONNECTION_REFUSED @ http://host:hostvibe!@localhost:8000/static/host.js:98
[  705154ms] [ERROR] WebSocket connection to 'ws://localhost:8000/ws/__host__' failed: Error in connection establishment: net::ERR_CONNECTION_REFUSED @ http://host:hostvibe!@localhost:8000/static/host.js:98
[  710392ms] [ERROR] WebSocket connection to 'ws://localhost:8000/ws/__host__' failed: Error in connection establishment: net::ERR_CONNECTION_REFUSED @ http://host:hostvibe!@localhost:8000/static/host.js:98
[  714780ms] [ERROR] WebSocket connection to 'ws://localhost:8000/ws/__host__' failed: Error in connection establishment: net::ERR_CONNECTION_REFUSED @ http://host:hostvibe!@localhost:8000/static/host.js:98
[  722761ms] [ERROR] WebSocket connection to 'ws://localhost:8000/ws/__host__' failed: Error in connection establishment: net::ERR_CONNECTION_REFUSED @ http://host:hostvibe!@localhost:8000/static/host.js:98
[  729822ms] [ERROR] WebSocket connection to 'ws://localhost:8000/ws/__host__' failed: Error in connection establishment: net::ERR_CONNECTION_REFUSED @ http://host:hostvibe!@localhost:8000/static/host.js:98
[  734798ms] [ERROR] WebSocket connection to 'ws://localhost:8000/ws/__host__' failed: Error in connection establishment: net::ERR_CONNECTION_REFUSED @ http://host:hostvibe!@localhost:8000/static/host.js:98
[  737800ms] [ERROR] WebSocket connection to 'ws://localhost:8000/ws/__host__' failed: Error in connection establishment: net::ERR_CONNECTION_REFUSED @ http://host:hostvibe!@localhost:8000/static/host.js:98
[  740805ms] [ERROR] WebSocket connection to 'ws://localhost:8000/ws/__host__' failed: Error in connection establishment: net::ERR_CONNECTION_REFUSED @ http://host:hostvibe!@localhost:8000/static/host.js:98
[  743807ms] [ERROR] WebSocket connection to 'ws://localhost:8000/ws/__host__' failed: Error in connection establishment: net::ERR_CONNECTION_REFUSED @ http://host:hostvibe!@localhost:8000/static/host.js:98
